Finished responding to request
=================================================================
==19822==ERROR: AddressSanitizer: container-overflow on address 0x60c000000688 at pc 0x00010f549acb bp 0x7ffee074f8f0 sp 0x7ffee074f8e8
READ of size 8 at 0x60c000000688 thread T0
    #0 0x10f549aca in ConnectionManager::handlePollout(ConnectionManager::State&, unsigned int&, std::__1::map<int, Request*, std::__1::less<int>, std::__1::allocator<std::__1::pair<int const, Request*> > >&) ConnectionManager.cpp:464
    #1 0x10f54d817 in ConnectionManager::startConnections() ConnectionManager.cpp:584
    #2 0x10f4f06c3 in Engine::start() Engine.cpp:27
    #3 0x10f4b3a91 in main main.cpp:31
    #4 0x7fff73b8dcc8 in start+0x0 (libdyld.dylib:x86_64+0x1acc8)

0x60c000000688 is located 72 bytes inside of 128-byte region [0x60c000000640,0x60c0000006c0)
allocated by thread T0 here:
    #0 0x10f7137ed in wrap__Znwm+0x7d (libclang_rt.asan_osx_dynamic.dylib:x86_64h+0x557ed)
    #1 0x10f502ae8 in std::__1::__libcpp_allocate(unsigned long, unsigned long) new:253
    #2 0x10f502a57 in std::__1::allocator<Server*>::allocate(unsigned long, void const*) memory:1869
    #3 0x10f5028b0 in std::__1::allocator_traits<std::__1::allocator<Server*> >::allocate(std::__1::allocator<Server*>&, unsigned long) memory:1586
    #4 0x10f5025e7 in std::__1::__split_buffer<Server*, std::__1::allocator<Server*>&>::__split_buffer(unsigned long, unsigned long, std::__1::allocator<Server*>&) __split_buffer:318
    #5 0x10f501bfc in std::__1::__split_buffer<Server*, std::__1::allocator<Server*>&>::__split_buffer(unsigned long, unsigned long, std::__1::allocator<Server*>&) __split_buffer:317
    #6 0x10f55c5c3 in void std::__1::vector<Server*, std::__1::allocator<Server*> >::__push_back_slow_path<Server* const>(Server* const&) vector:1623
    #7 0x10f53e500 in std::__1::vector<Server*, std::__1::allocator<Server*> >::push_back(Server* const&) vector:1640
    #8 0x10f540c17 in ConnectionManager::newClient(int, pollfd) ConnectionManager.cpp:150
    #9 0x10f54c14d in ConnectionManager::startConnections() ConnectionManager.cpp:546
    #10 0x10f4f06c3 in Engine::start() Engine.cpp:27
    #11 0x10f4b3a91 in main main.cpp:31
    #12 0x7fff73b8dcc8 in start+0x0 (libdyld.dylib:x86_64+0x1acc8)

HINT: if you don't care about these errors you may set ASAN_OPTIONS=detect_container_overflow=0.
If you suspect a false positive see also: https://github.com/google/sanitizers/wiki/AddressSanitizerContainerOverflow.
SUMMARY: AddressSanitizer: container-overflow ConnectionManager.cpp:464 in ConnectionManager::handlePollout(ConnectionManager::State&, unsigned int&, std::__1::map<int, Request*, std::__1::less<int>, std::__1::allocator<std::__1::pair<int const, Request*> > >&)
Shadow bytes around the buggy address:
  0x1c1800000080: fd fd fd fd fd fd fd fd fd fd fd fd fd fd fd fd
  0x1c1800000090: fa fa fa fa fa fa fa fa fd fd fd fd fd fd fd fd
  0x1c18000000a0: fd fd fd fd fd fd fd fd fa fa fa fa fa fa fa fa
  0x1c18000000b0: 00 00 00 00 00 00 00 00 00 00 fc fc fc fc fc fc
  0x1c18000000c0: fa fa fa fa fa fa fa fa 00 00 00 00 00 00 00 00
=>0x1c18000000d0: 00[fc]fc fc fc fc fc fc fa fa fa fa fa fa fa fa
  0x1c18000000e0: 00 00 00 00 00 00 00 00 00 fc fc fc fc fc fc fc
  0x1c18000000f0: fa fa fa fa fa fa fa fa fd fd fd fd fd fd fd fd
  0x1c1800000100: fd fd fd fd fd fd fd fd fa fa fa fa fa fa fa fa
  0x1c1800000110: fd fd fd fd fd fd fd fd fd fd fd fd fd fd fd fd
  0x1c1800000120: fa fa fa fa fa fa fa fa fd fd fd fd fd fd fd fd
Shadow byte legend (one shadow byte represents 8 application bytes):
  Addressable:           00
  Partially addressable: 01 02 03 04 05 06 07 
  Heap left redzone:       fa
  Freed heap region:       fd
  Stack left redzone:      f1
  Stack mid redzone:       f2
  Stack right redzone:     f3
  Stack after return:      f5
  Stack use after scope:   f8
  Global redzone:          f9
  Global init order:       f6
  Poisoned by user:        f7
  Container overflow:      fc
  Array cookie:            ac
  Intra object redzone:    bb
  ASan internal:           fe
  Left alloca redzone:     ca
  Right alloca redzone:    cb
  Shadow gap:              cc
==19822==ABORTING
